<?xml version="1.0" encoding="UTF-8"?>
<!-- Generated by org.testng.reporters.JUnitReportReporter -->
<testsuite hostname="DESKTOP-9L0A953" failures="0" tests="4" name="api.test.UserTests" time="6.543" errors="0" timestamp="2023-06-05T12:15:24 IST" skipped="0">
  <testcase classname="api.test.UserTests" name="testPostUser" time="1.653"/>
  <system-out/>
  <testcase classname="api.test.UserTests" name="testGetUser" time="1.634"/>
  <system-out/>
  <testcase classname="api.test.UserTests" name="testUpdateUser" time="1.631"/>
  <system-out/>
  <testcase classname="api.test.UserTests" name="testDeleteUser" time="1.625"/>
  <system-out/>
</testsuite> <!-- api.test.UserTests -->
