<?xml version="1.0" encoding="UTF-8"?>
<!-- Generated by org.testng.reporters.JUnitReportReporter -->
<testsuite hostname="DESKTOP-9L0A953" failures="0" tests="4" name="api.test.UserTests_Properties" time="8.579" errors="0" timestamp="2023-06-05T12:15:24 IST" skipped="0">
  <testcase classname="api.test.UserTests_Properties" name="testPostUser" time="3.841"/>
  <system-out/>
  <testcase classname="api.test.UserTests_Properties" name="testGetUser" time="1.575"/>
  <system-out/>
  <testcase classname="api.test.UserTests_Properties" name="testUpdateUser" time="1.629"/>
  <system-out/>
  <testcase classname="api.test.UserTests_Properties" name="testDeleteUser" time="1.534"/>
  <system-out/>
</testsuite> <!-- api.test.UserTests_Properties -->
