<?xml version="1.0" encoding="UTF-8"?>
<!-- Generated by org.testng.reporters.JUnitReportReporter -->
<testsuite hostname="DESKTOP-9L0A953" failures="0" tests="6" name="api.test.DDTest" time="9.512" errors="0" timestamp="2023-06-05T12:15:24 IST" skipped="0">
  <testcase classname="api.test.DDTest" name="testPostUsers" time="1.528"/>
  <system-out/>
  <testcase classname="api.test.DDTest" name="testPostUsers" time="1.608"/>
  <system-out/>
  <testcase classname="api.test.DDTest" name="testPostUsers" time="1.534"/>
  <system-out/>
  <testcase classname="api.test.DDTest" name="testDeleteusers" time="1.738"/>
  <system-out/>
  <testcase classname="api.test.DDTest" name="testDeleteusers" time="1.535"/>
  <system-out/>
  <testcase classname="api.test.DDTest" name="testDeleteusers" time="1.569"/>
  <system-out/>
</testsuite> <!-- api.test.DDTest -->
