<?xml version="1.0" encoding="UTF-8"?>
<!-- Generated by org.testng.reporters.JUnitReportReporter -->
<testsuite hostname="DESKTOP-9L0A953" failures="0" tests="4" name="api.test.UserTests" time="5.733" errors="0" timestamp="2023-06-05T13:21:16 IST" skipped="0">
  <testcase classname="api.test.UserTests" name="testPostUser" time="1.428"/>
  <testcase classname="api.test.UserTests" name="testGetUser" time="1.434"/>
  <testcase classname="api.test.UserTests" name="testUpdateUser" time="1.439"/>
  <testcase classname="api.test.UserTests" name="testDeleteUser" time="1.432"/>
</testsuite> <!-- api.test.UserTests -->
