<?xml version="1.0" encoding="UTF-8"?>
<!-- Generated by org.testng.reporters.JUnitReportReporter -->
<testsuite hostname="DESKTOP-9L0A953" failures="0" tests="4" name="api.test.UserTests" time="5.708" errors="0" timestamp="2023-06-05T12:33:22 IST" skipped="0">
  <testcase classname="api.test.UserTests" name="testPostUser" time="1.467"/>
  <testcase classname="api.test.UserTests" name="testGetUser" time="1.418"/>
  <testcase classname="api.test.UserTests" name="testUpdateUser" time="1.428"/>
  <testcase classname="api.test.UserTests" name="testDeleteUser" time="1.395"/>
</testsuite> <!-- api.test.UserTests -->
