<?xml version="1.0" encoding="UTF-8"?>
<!-- Generated by org.testng.reporters.JUnitReportReporter -->
<testsuite hostname="DESKTOP-9L0A953" failures="0" tests="4" name="api.test.UserTests_Properties" time="7.891" errors="0" timestamp="2023-06-05T12:33:22 IST" skipped="0">
  <testcase classname="api.test.UserTests_Properties" name="testPostUser" time="3.576"/>
  <testcase classname="api.test.UserTests_Properties" name="testGetUser" time="1.464"/>
  <testcase classname="api.test.UserTests_Properties" name="testUpdateUser" time="1.459"/>
  <testcase classname="api.test.UserTests_Properties" name="testDeleteUser" time="1.392"/>
</testsuite> <!-- api.test.UserTests_Properties -->
