<?xml version="1.0" encoding="UTF-8"?>
<!-- Generated by org.testng.reporters.JUnitReportReporter -->
<testsuite hostname="DESKTOP-9L0A953" failures="0" tests="4" name="api.test.UserTests_Properties" time="7.528" errors="0" timestamp="2023-06-05T13:21:16 IST" skipped="0">
  <testcase classname="api.test.UserTests_Properties" name="testPostUser" time="3.284"/>
  <testcase classname="api.test.UserTests_Properties" name="testGetUser" time="1.437"/>
  <testcase classname="api.test.UserTests_Properties" name="testUpdateUser" time="1.394"/>
  <testcase classname="api.test.UserTests_Properties" name="testDeleteUser" time="1.413"/>
</testsuite> <!-- api.test.UserTests_Properties -->
