<?xml version="1.0" encoding="UTF-8"?>
<!-- Generated by org.testng.reporters.JUnitReportReporter -->
<testsuite hostname="DESKTOP-9L0A953" failures="0" tests="6" name="api.test.DDTest" time="8.592" errors="0" timestamp="2023-06-05T12:33:22 IST" skipped="0">
  <testcase classname="api.test.DDTest" name="testPostUsers" time="1.424"/>
  <testcase classname="api.test.DDTest" name="testPostUsers" time="1.427"/>
  <testcase classname="api.test.DDTest" name="testPostUsers" time="1.458"/>
  <testcase classname="api.test.DDTest" name="testDeleteusers" time="1.402"/>
  <testcase classname="api.test.DDTest" name="testDeleteusers" time="1.440"/>
  <testcase classname="api.test.DDTest" name="testDeleteusers" time="1.441"/>
</testsuite> <!-- api.test.DDTest -->
