<?xml version="1.0" encoding="UTF-8"?>
<!-- Generated by org.testng.reporters.JUnitReportReporter -->
<testsuite hostname="DESKTOP-9L0A953" failures="0" tests="6" name="api.test.DDTest" time="8.556" errors="0" timestamp="2023-06-05T13:21:16 IST" skipped="0">
  <testcase classname="api.test.DDTest" name="testPostUsers" time="1.435"/>
  <testcase classname="api.test.DDTest" name="testPostUsers" time="1.494"/>
  <testcase classname="api.test.DDTest" name="testPostUsers" time="1.415"/>
  <testcase classname="api.test.DDTest" name="testDeleteusers" time="1.424"/>
  <testcase classname="api.test.DDTest" name="testDeleteusers" time="1.411"/>
  <testcase classname="api.test.DDTest" name="testDeleteusers" time="1.377"/>
</testsuite> <!-- api.test.DDTest -->
